2025-08-18 21:01:29,074 - INFO - Processing file: /Volumes/hubExpansion/tvshows/Chief of War/Season 1/Chief of War - S01E03 - City of Flowers.mkv
2025-08-18 21:01:29,074 - DEBUG - Getting video details for: /Volumes/hubExpansion/tvshows/Chief of War/Season 1/Chief of War - S01E03 - City of Flowers.mkv
2025-08-18 21:01:29,230 - DEBUG - Video Info Dictionary:
{
    "duration": "2941.856000",
    "codec": "eac3",
    "samplerate": "48000",
    "channels": "6",
    "audioconfig": "5.1(side)",
    "width": "1918",
    "height": "802",
    "framerate": "24000/1001",
    "fps": "23.976",
    "frameduration": "1001/24000"
}
2025-08-18 21:01:29,230 - INFO - Found external SRT file: /Volumes/hubExpansion/tvshows/Chief of War/Season 1/Chief of War - S01E03 - City of Flowers.srt
2025-08-18 21:01:29,308 - DEBUG - Match found in subtitle #220: "you look like a fucking peacock"
2025-08-18 21:01:29,309 - DEBUG - Match found in subtitle #226: "welcome to the jewel
in zamboanga's crown of shit"
2025-08-18 21:01:29,309 - DEBUG - Match found in subtitle #231: "who the hell are you"
2025-08-18 21:01:29,311 - DEBUG - Match found in subtitle #382: "you move real easy in the dark
with that nigger skin don't ya boy"
2025-08-18 21:01:29,311 - DEBUG - Match found in subtitle #383: "what the hell are you doing here marley"
2025-08-18 21:01:29,312 - INFO - Executing FFmpeg command: ffmpeg -i /Volumes/hubExpansion/tvshows/Chief of War/Season 1/Chief of War - S01E03 - City of Flowers.mkv -c:v copy -c:a aac -b:a 192k -af volume=enable='between(t,1723.891,1726.183)':volume=0,volume=enable='between(t,1763.221,1766.391)':volume=0,volume=enable='between(t,1782.615,1783.7)':volume=0,volume=enable='between(t,2774.398,2778.402)':volume=0,volume=enable='between(t,2778.402,2780.072)':volume=0 -map_metadata -1 -movflags +faststart -y /Volumes/hubExpansion/tvshows/Chief of War/Season 1/Chief of War - S01E03 - City of Flowers_censored.mp4
2025-08-18 21:04:47,874 - INFO - FFmpeg stdout:

2025-08-18 21:04:47,874 - INFO - Successfully created censored video: /Volumes/hubExpansion/tvshows/Chief of War/Season 1/Chief of War - S01E03 - City of Flowers_censored.mp4
2025-08-18 21:04:47,875 - INFO - Censoring process completed. Output file: /Volumes/hubExpansion/tvshows/Chief of War/Season 1/Chief of War - S01E03 - City of Flowers_censored.mp4
2025-08-18 21:04:47,875 - INFO - Script finished successfully.
